<?xml version="1.0" encoding="UTF-8"?>
<!-- Generated by org.testng.reporters.JUnitXMLReporter -->
<testsuite hostname="Aruns-MacBook-Air.local" name="Default test(failed)" tests="1" failures="1" timestamp="12 Apr 2020 09:45:11 GMT" time="3.382" errors="0">
  <testcase name="getCityResponse" time="3.34" classname="com.qa.test.tests.JsonCityResponse">
    <failure type="java.lang.AssertionError" message="Correct humidity name received in the Response expected:&amp;lt;21 Percent&amp;gt; but was:&amp;lt;11 Percent&amp;gt;">
      <![CDATA[java.lang.AssertionError: Correct humidity name received in the Response expected:<21 Percent> but was:<11 Percent>
	at com.qa.test.tests.JsonCityResponse.getCityResponse(JsonCityResponse.java:24)
... Removed 28 stack frames]]>
    </failure>
  </testcase>
</testsuite>
